<?xml version="1.0" encoding="UTF-8"?>
<coverage generated="1720512553108" clover="3.2.0">
  <project timestamp="1720512553108" name="All files">
    <metrics statements="26" coveredstatements="26" conditionals="8" coveredconditionals="8" methods="10" coveredmethods="10" elements="44" coveredelements="44" complexity="0" loc="26" ncloc="26" packages="1" files="3" classes="3"/>
    <file name="arrayAnalyzer.js" path="/Users/anyuewang/full stack development/Ordin project/odin_testing_practice/arrayAnalyzer.js">
      <metrics statements="6" coveredstatements="6" conditionals="0" coveredconditionals="0" methods="3" coveredmethods="3"/>
      <line num="2" count="6" type="stmt"/>
      <line num="3" count="12" type="stmt"/>
      <line num="4" count="1" type="stmt"/>
      <line num="5" count="1" type="stmt"/>
      <line num="6" count="1" type="stmt"/>
      <line num="7" count="1" type="stmt"/>
    </file>
    <file name="calculator.js" path="/Users/anyuewang/full stack development/Ordin project/odin_testing_practice/calculator.js">
      <metrics statements="4" coveredstatements="4" conditionals="0" coveredconditionals="0" methods="4" coveredmethods="4"/>
      <line num="2" count="1" type="stmt"/>
      <line num="3" count="1" type="stmt"/>
      <line num="4" count="1" type="stmt"/>
      <line num="5" count="1" type="stmt"/>
    </file>
    <file name="stringProcessor.js" path="/Users/anyuewang/full stack development/Ordin project/odin_testing_practice/stringProcessor.js">
      <metrics statements="16" coveredstatements="16" conditionals="8" coveredconditionals="8" methods="3" coveredmethods="3"/>
      <line num="2" count="1" type="stmt"/>
      <line num="6" count="1" type="stmt"/>
      <line num="7" count="1" type="stmt"/>
      <line num="8" count="5" type="stmt"/>
      <line num="10" count="1" type="stmt"/>
      <line num="14" count="3" type="stmt"/>
      <line num="15" count="3" type="stmt"/>
      <line num="16" count="3" type="stmt"/>
      <line num="18" count="21" type="stmt"/>
      <line num="19" count="21" type="cond" truecount="4" falsecount="0"/>
      <line num="20" count="5" type="stmt"/>
      <line num="21" count="16" type="cond" truecount="4" falsecount="0"/>
      <line num="22" count="13" type="stmt"/>
      <line num="24" count="3" type="stmt"/>
      <line num="26" count="21" type="stmt"/>
      <line num="28" count="3" type="stmt"/>
    </file>
  </project>
</coverage>
