{"/Users/anyuewang/full stack development/Ordin project/odin_testing_practice/arrayAnalyzer.js": {"path":"/Users/anyuewang/full stack development/Ordin project/odin_testing_practice/arrayAnalyzer.js","statementMap":{"0":{"start":{"line":2,"column":20},"end":{"line":2,"column":65}},"1":{"start":{"line":2,"column":43},"end":{"line":2,"column":50}},"2":{"start":{"line":3,"column":22},"end":{"line":3,"column":42}},"3":{"start":{"line":3,"column":38},"end":{"line":3,"column":41}},"4":{"start":{"line":4,"column":16},"end":{"line":4,"column":31}},"5":{"start":{"line":5,"column":16},"end":{"line":5,"column":32}},"6":{"start":{"line":6,"column":19},"end":{"line":6,"column":29}},"7":{"start":{"line":7,"column":4},"end":{"line":12,"column":5}}},"fnMap":{"0":{"name":"analyzeArray","decl":{"start":{"line":1,"column":9},"end":{"line":1,"column":21}},"loc":{"start":{"line":1,"column":28},"end":{"line":13,"column":1}},"line":1},"1":{"name":"(anonymous_1)","decl":{"start":{"line":2,"column":31},"end":{"line":2,"column":32}},"loc":{"start":{"line":2,"column":43},"end":{"line":2,"column":50}},"line":2},"2":{"name":"(anonymous_2)","decl":{"start":{"line":3,"column":31},"end":{"line":3,"column":32}},"loc":{"start":{"line":3,"column":38},"end":{"line":3,"column":41}},"line":3}},"branchMap":{},"s":{"0":1,"1":6,"2":1,"3":12,"4":1,"5":1,"6":1,"7":1},"f":{"0":1,"1":6,"2":12},"b":{},"_coverageSchema":"1a1c01bbd47fc00a2c39e90264f33305004495a9","hash":"64558a0bb0fed862334284a2639155579ea5862f"}
,"/Users/anyuewang/full stack development/Ordin project/odin_testing_practice/calculator.js": {"path":"/Users/anyuewang/full stack development/Ordin project/odin_testing_practice/calculator.js","statementMap":{"0":{"start":{"line":2,"column":19},"end":{"line":2,"column":24}},"1":{"start":{"line":3,"column":24},"end":{"line":3,"column":29}},"2":{"start":{"line":4,"column":24},"end":{"line":4,"column":29}},"3":{"start":{"line":5,"column":22},"end":{"line":5,"column":27}}},"fnMap":{"0":{"name":"(anonymous_0)","decl":{"start":{"line":2,"column":9},"end":{"line":2,"column":10}},"loc":{"start":{"line":2,"column":19},"end":{"line":2,"column":24}},"line":2},"1":{"name":"(anonymous_1)","decl":{"start":{"line":3,"column":14},"end":{"line":3,"column":15}},"loc":{"start":{"line":3,"column":24},"end":{"line":3,"column":29}},"line":3},"2":{"name":"(anonymous_2)","decl":{"start":{"line":4,"column":14},"end":{"line":4,"column":15}},"loc":{"start":{"line":4,"column":24},"end":{"line":4,"column":29}},"line":4},"3":{"name":"(anonymous_3)","decl":{"start":{"line":5,"column":12},"end":{"line":5,"column":13}},"loc":{"start":{"line":5,"column":22},"end":{"line":5,"column":27}},"line":5}},"branchMap":{},"s":{"0":1,"1":1,"2":1,"3":1},"f":{"0":1,"1":1,"2":1,"3":1},"b":{},"_coverageSchema":"1a1c01bbd47fc00a2c39e90264f33305004495a9","hash":"39e37befc825f63564526f2ad8b3a269e18628fb"}
,"/Users/anyuewang/full stack development/Ordin project/odin_testing_practice/stringProcessor.js": {"path":"/Users/anyuewang/full stack development/Ordin project/odin_testing_practice/stringProcessor.js","statementMap":{"0":{"start":{"line":2,"column":4},"end":{"line":2,"column":46}},"1":{"start":{"line":6,"column":22},"end":{"line":6,"column":24}},"2":{"start":{"line":7,"column":4},"end":{"line":9,"column":5}},"3":{"start":{"line":7,"column":17},"end":{"line":7,"column":31}},"4":{"start":{"line":8,"column":8},"end":{"line":8,"column":29}},"5":{"start":{"line":10,"column":4},"end":{"line":10,"column":22}},"6":{"start":{"line":14,"column":20},"end":{"line":14,"column":22}},"7":{"start":{"line":15,"column":23},"end":{"line":15,"column":25}},"8":{"start":{"line":15,"column":40},"end":{"line":15,"column":42}},"9":{"start":{"line":15,"column":58},"end":{"line":15,"column":60}},"10":{"start":{"line":16,"column":4},"end":{"line":27,"column":5}},"11":{"start":{"line":16,"column":17},"end":{"line":16,"column":18}},"12":{"start":{"line":18,"column":25},"end":{"line":18,"column":42}},"13":{"start":{"line":19,"column":8},"end":{"line":25,"column":9}},"14":{"start":{"line":20,"column":12},"end":{"line":20,"column":88}},"15":{"start":{"line":21,"column":15},"end":{"line":25,"column":9}},"16":{"start":{"line":22,"column":12},"end":{"line":22,"column":88}},"17":{"start":{"line":24,"column":12},"end":{"line":24,"column":38}},"18":{"start":{"line":26,"column":8},"end":{"line":26,"column":57}},"19":{"start":{"line":28,"column":4},"end":{"line":28,"column":20}}},"fnMap":{"0":{"name":"capitalize","decl":{"start":{"line":1,"column":9},"end":{"line":1,"column":19}},"loc":{"start":{"line":1,"column":25},"end":{"line":3,"column":1}},"line":1},"1":{"name":"reverse","decl":{"start":{"line":5,"column":9},"end":{"line":5,"column":16}},"loc":{"start":{"line":5,"column":22},"end":{"line":11,"column":1}},"line":5},"2":{"name":"caesarCipher","decl":{"start":{"line":13,"column":9},"end":{"line":13,"column":21}},"loc":{"start":{"line":13,"column":34},"end":{"line":29,"column":1}},"line":13}},"branchMap":{"0":{"loc":{"start":{"line":19,"column":8},"end":{"line":25,"column":9}},"type":"if","locations":[{"start":{"line":19,"column":8},"end":{"line":25,"column":9}},{"start":{"line":21,"column":15},"end":{"line":25,"column":9}}],"line":19},"1":{"loc":{"start":{"line":19,"column":12},"end":{"line":19,"column":73}},"type":"binary-expr","locations":[{"start":{"line":19,"column":12},"end":{"line":19,"column":34}},{"start":{"line":19,"column":38},"end":{"line":19,"column":73}}],"line":19},"2":{"loc":{"start":{"line":21,"column":15},"end":{"line":25,"column":9}},"type":"if","locations":[{"start":{"line":21,"column":15},"end":{"line":25,"column":9}},{"start":{"line":23,"column":15},"end":{"line":25,"column":9}}],"line":21},"3":{"loc":{"start":{"line":21,"column":19},"end":{"line":21,"column":80}},"type":"binary-expr","locations":[{"start":{"line":21,"column":19},"end":{"line":21,"column":41}},{"start":{"line":21,"column":45},"end":{"line":21,"column":80}}],"line":21}},"s":{"0":1,"1":1,"2":1,"3":1,"4":5,"5":1,"6":3,"7":3,"8":3,"9":3,"10":3,"11":3,"12":21,"13":21,"14":5,"15":16,"16":13,"17":3,"18":21,"19":3},"f":{"0":1,"1":1,"2":3},"b":{"0":[5,16],"1":[21,18],"2":[13,3],"3":[16,13]},"_coverageSchema":"1a1c01bbd47fc00a2c39e90264f33305004495a9","hash":"65d403d3958275e22aa03e292cebfcaa888561e0"}
}
