TN:
SF:calculator.js
FN:2,(anonymous_0)
FN:3,(anonymous_1)
FN:4,(anonymous_2)
FN:5,(anonymous_3)
FNF:4
FNH:4
FNDA:1,(anonymous_0)
FNDA:1,(anonymous_1)
FNDA:1,(anonymous_2)
FNDA:1,(anonymous_3)
DA:2,1
DA:3,1
DA:4,1
DA:5,1
LF:4
LH:4
BRF:0
BRH:0
end_of_record
TN:
SF:stringProcessor.js
FN:1,capitalize
FN:5,reverse
FN:13,caesarCipher
FNF:3
FNH:3
FNDA:1,capitalize
FNDA:1,reverse
FNDA:3,caesarCipher
DA:2,1
DA:6,1
DA:7,1
DA:8,5
DA:10,1
DA:14,3
DA:15,3
DA:16,3
DA:18,21
DA:19,21
DA:20,5
DA:21,16
DA:22,13
DA:24,3
DA:26,21
DA:28,3
LF:16
LH:16
BRDA:19,0,0,5
BRDA:19,0,1,16
BRDA:19,1,0,21
BRDA:19,1,1,18
BRDA:21,2,0,13
BRDA:21,2,1,3
BRDA:21,3,0,16
BRDA:21,3,1,13
BRF:8
BRH:8
end_of_record
